2025-07-07 07:46:20 Loading main app package /usr/lib/obsidian/obsidian.asar
2025-07-07 07:46:20 Checking for update using Github
2025-07-07 07:46:20 Success.
2025-07-07 07:46:20 Latest version is 1.8.10
2025-07-07 07:46:20 App is up to date.
2025-07-07 10:59:30 Checking for update using Github
2025-07-07 10:59:30 Success.
2025-07-07 10:59:30 Latest version is 1.8.10
2025-07-07 10:59:30 App is up to date.
2025-07-07 12:18:05 Checking for update using Github
2025-07-07 12:18:05 Success.
2025-07-07 12:18:05 Latest version is 1.8.10
2025-07-07 12:18:05 App is up to date.
2025-07-07 14:31:27 Checking for update using Github
2025-07-07 14:31:28 Success.
2025-07-07 14:31:28 Latest version is 1.8.10
2025-07-07 14:31:28 App is up to date.
2025-07-07 21:51:08 Checking for update using Github
2025-07-07 21:51:08 Success.
2025-07-07 21:51:08 Latest version is 1.8.10
2025-07-07 21:51:08 App is up to date.
2025-07-08 11:26:08 Checking for update using Github
2025-07-08 11:26:08 Success.
2025-07-08 11:26:08 Latest version is 1.8.10
2025-07-08 11:26:08 App is up to date.
2025-07-08 23:06:30 Checking for update using Github
2025-07-08 23:06:30 Success.
2025-07-08 23:06:30 Latest version is 1.8.10
2025-07-08 23:06:30 App is up to date.
2025-07-09 00:06:30 Checking for update using Github
2025-07-09 00:06:30 Success.
2025-07-09 00:06:30 Latest version is 1.8.10
2025-07-09 00:06:30 App is up to date.
2025-07-09 01:47:16 Checking for update using Github
2025-07-09 01:47:16 Success.
2025-07-09 01:47:16 Latest version is 1.8.10
2025-07-09 01:47:16 App is up to date.
2025-07-09 02:47:16 Checking for update using Github
2025-07-09 02:47:16 Success.
2025-07-09 02:47:16 Latest version is 1.8.10
2025-07-09 02:47:16 App is up to date.
2025-07-09 03:47:16 Checking for update using Github
2025-07-09 03:47:16 Success.
2025-07-09 03:47:16 Latest version is 1.8.10
2025-07-09 03:47:16 App is up to date.
2025-07-09 20:13:21 Checking for update using Github
2025-07-09 20:13:21 Success.
2025-07-09 20:13:21 Latest version is 1.8.10
2025-07-09 20:13:21 App is up to date.
2025-07-09 21:15:54 Checking for update using Github
2025-07-09 21:15:54 Success.
2025-07-09 21:15:54 Latest version is 1.8.10
2025-07-09 21:15:54 App is up to date.
2025-07-09 22:15:54 Checking for update using Github
2025-07-09 22:15:54 Success.
2025-07-09 22:15:54 Latest version is 1.8.10
2025-07-09 22:15:54 App is up to date.
2025-07-10 21:20:01 Checking for update using Github
2025-07-10 21:20:01 Success.
2025-07-10 21:20:01 Latest version is 1.8.10
2025-07-10 21:20:01 App is up to date.
2025-07-11 10:43:00 Checking for update using Github
2025-07-11 10:43:00 Success.
2025-07-11 10:43:00 Latest version is 1.8.10
2025-07-11 10:43:00 App is up to date.
2025-07-11 11:43:00 Checking for update using Github
2025-07-11 11:43:00 Success.
2025-07-11 11:43:00 Latest version is 1.8.10
2025-07-11 11:43:00 App is up to date.
2025-07-12 00:12:19 Checking for update using Github
2025-07-12 00:12:19 Success.
2025-07-12 00:12:19 Latest version is 1.8.10
2025-07-12 00:12:19 App is up to date.
2025-07-12 01:12:19 Checking for update using Github
2025-07-12 01:12:19 Success.
2025-07-12 01:12:19 Latest version is 1.8.10
2025-07-12 01:12:19 App is up to date.
2025-07-12 02:12:19 Checking for update using Github
2025-07-12 02:12:19 Success.
2025-07-12 02:12:19 Latest version is 1.8.10
2025-07-12 02:12:19 App is up to date.
2025-07-12 04:19:34 Checking for update using Github
2025-07-12 04:19:34 Success.
2025-07-12 04:19:34 Latest version is 1.8.10
2025-07-12 04:19:34 App is up to date.
2025-07-12 15:41:31 Checking for update using Github
2025-07-12 15:41:31 Success.
2025-07-12 15:41:31 Latest version is 1.8.10
2025-07-12 15:41:31 App is up to date.
2025-07-21 16:14:23 Loading main app package /usr/lib/obsidian/obsidian.asar
2025-07-21 16:14:23 Checking for update using Github
2025-07-21 16:14:23 Success.
2025-07-21 16:14:23 Latest version is 1.8.10
2025-07-21 16:14:23 App is up to date.
2025-07-22 07:09:11 Loading main app package /usr/lib/obsidian/obsidian.asar
2025-07-22 07:09:11 Checking for update using Github
2025-07-22 07:09:11 Success.
2025-07-22 07:09:11 Latest version is 1.8.10
2025-07-22 07:09:11 App is up to date.
2025-07-24 13:09:06 Loading main app package /usr/lib/obsidian/obsidian.asar
2025-07-24 13:09:06 Checking for update using Github
2025-07-24 13:09:07 Success.
2025-07-24 13:09:07 Latest version is 1.8.10
2025-07-24 13:09:07 App is up to date.
2025-07-26 16:49:39 Loading main app package /usr/lib/obsidian/obsidian.asar
2025-07-26 16:49:40 Checking for update using Github
2025-07-26 16:49:40 Success.
2025-07-26 16:49:40 Latest version is 1.8.10
2025-07-26 16:49:40 App is up to date.
2025-07-26 16:52:27 Loading main app package /usr/lib/obsidian/obsidian.asar
2025-07-26 16:52:27 Checking for update using Github
2025-07-26 16:52:27 Success.
2025-07-26 16:52:27 Latest version is 1.8.10
2025-07-26 16:52:27 App is up to date.
2025-07-26 20:51:21 Loading main app package /usr/lib/obsidian/obsidian.asar
2025-07-26 20:51:21 Checking for update using Github
2025-07-26 20:51:21 Success.
2025-07-26 20:51:21 Latest version is 1.8.10
2025-07-26 20:51:21 App is up to date.
2025-07-26 21:51:21 Checking for update using Github
2025-07-26 21:51:21 Success.
2025-07-26 21:51:21 Latest version is 1.8.10
2025-07-26 21:51:21 App is up to date.
2025-07-26 22:51:21 Checking for update using Github
2025-07-26 22:51:21 Success.
2025-07-26 22:51:21 Latest version is 1.8.10
2025-07-26 22:51:21 App is up to date.
2025-07-27 02:53:30 Checking for update using Github
2025-07-27 02:53:30 Success.
2025-07-27 02:53:30 Latest version is 1.8.10
2025-07-27 02:53:30 App is up to date.
2025-07-27 03:53:30 Checking for update using Github
2025-07-27 03:53:30 Success.
2025-07-27 03:53:30 Latest version is 1.8.10
2025-07-27 03:53:30 App is up to date.
2025-07-29 21:55:13 Loading main app package /usr/lib/obsidian/obsidian.asar
2025-07-29 21:55:13 Checking for update using Github
2025-07-29 21:55:13 Success.
2025-07-29 21:55:13 Latest version is 1.8.10
2025-07-29 21:55:13 App is up to date.
2025-07-29 22:55:12 Checking for update using Github
2025-07-29 22:55:12 Success.
2025-07-29 22:55:12 Latest version is 1.8.10
2025-07-29 22:55:12 App is up to date.
2025-07-29 23:55:12 Checking for update using Github
2025-07-29 23:55:12 Success.
2025-07-29 23:55:12 Latest version is 1.8.10
2025-07-29 23:55:12 App is up to date.
2025-07-30 00:55:12 Checking for update using Github
2025-07-30 00:55:12 Success.
2025-07-30 00:55:12 Latest version is 1.8.10
2025-07-30 00:55:12 App is up to date.
2025-07-30 01:55:12 Checking for update using Github
2025-07-30 01:55:12 Success.
2025-07-30 01:55:12 Latest version is 1.8.10
2025-07-30 01:55:12 App is up to date.
2025-07-30 08:24:43 Checking for update using Github
2025-07-30 08:24:43 Success.
2025-07-30 08:24:43 Latest version is 1.8.10
2025-07-30 08:24:43 App is up to date.
2025-07-30 09:27:49 Checking for update using Github
2025-07-30 09:27:49 Success.
2025-07-30 09:27:49 Latest version is 1.8.10
2025-07-30 09:27:49 App is up to date.
2025-07-30 11:50:19 Checking for update using Github
2025-07-30 11:50:19 Success.
2025-07-30 11:50:19 Latest version is 1.8.10
2025-07-30 11:50:19 App is up to date.
2025-07-30 16:28:28 Checking for update using Github
2025-07-30 16:28:28 Success.
2025-07-30 16:28:28 Latest version is 1.8.10
2025-07-30 16:28:28 App is up to date.
2025-07-31 07:21:57 Loading main app package /usr/lib/obsidian/obsidian.asar
2025-07-31 07:21:57 Checking for update using Github
2025-07-31 07:21:57 Success.
2025-07-31 07:21:57 Latest version is 1.8.10
2025-07-31 07:21:57 App is up to date.
2025-08-12 09:45:26 Loading main app package /opt/Obsidian/resources/obsidian.asar
2025-08-12 09:45:27 Checking for update using Github
2025-08-12 09:45:27 Success.
2025-08-12 09:45:27 Latest version is 1.8.10
2025-08-12 09:45:27 App is up to date.
2025-08-12 11:18:25 Loading main app package /opt/Obsidian/resources/obsidian.asar
2025-08-12 11:18:25 Checking for update using Github
2025-08-12 11:18:26 Success.
2025-08-12 11:18:26 Latest version is 1.8.10
2025-08-12 11:18:26 App is up to date.
2025-08-13 07:00:53 Loading main app package /opt/Obsidian/resources/obsidian.asar
2025-08-13 07:00:53 Checking for update using Github
2025-08-13 07:00:54 Success.
2025-08-13 07:00:54 Latest version is 1.8.10
2025-08-13 07:00:54 App is up to date.
2025-08-13 08:00:52 Checking for update using Github
2025-08-13 08:00:52 Success.
2025-08-13 08:00:52 Latest version is 1.8.10
2025-08-13 08:00:52 App is up to date.
2025-08-13 09:00:52 Checking for update using Github
2025-08-13 09:00:52 Success.
2025-08-13 09:00:52 Latest version is 1.8.10
2025-08-13 09:00:52 App is up to date.
2025-08-13 10:00:52 Checking for update using Github
2025-08-13 10:00:52 Success.
2025-08-13 10:00:52 Latest version is 1.8.10
2025-08-13 10:00:52 App is up to date.
2025-08-13 11:00:52 Checking for update using Github
2025-08-13 11:00:52 Success.
2025-08-13 11:00:52 Latest version is 1.8.10
2025-08-13 11:00:52 App is up to date.
2025-08-13 12:00:52 Checking for update using Github
2025-08-13 12:00:52 Success.
2025-08-13 12:00:52 Latest version is 1.8.10
2025-08-13 12:00:52 App is up to date.
2025-08-13 13:00:52 Checking for update using Github
2025-08-13 13:00:52 Success.
2025-08-13 13:00:52 Latest version is 1.8.10
2025-08-13 13:00:52 App is up to date.
2025-08-13 14:00:52 Checking for update using Github
2025-08-13 14:00:52 Success.
2025-08-13 14:00:52 Latest version is 1.8.10
2025-08-13 14:00:52 App is up to date.
2025-08-13 15:00:52 Checking for update using Github
2025-08-13 15:00:52 Success.
2025-08-13 15:00:52 Latest version is 1.8.10
2025-08-13 15:00:52 App is up to date.
2025-08-13 16:00:52 Checking for update using Github
2025-08-13 16:00:52 Success.
2025-08-13 16:00:52 Latest version is 1.8.10
2025-08-13 16:00:52 App is up to date.
2025-08-13 17:00:52 Checking for update using Github
2025-08-13 17:00:52 Success.
2025-08-13 17:00:52 Latest version is 1.8.10
2025-08-13 17:00:52 App is up to date.
2025-08-13 18:00:52 Checking for update using Github
2025-08-13 18:00:52 Success.
2025-08-13 18:00:52 Latest version is 1.8.10
2025-08-13 18:00:52 App is up to date.
2025-08-13 19:00:52 Checking for update using Github
2025-08-13 19:00:52 Success.
2025-08-13 19:00:52 Latest version is 1.8.10
2025-08-13 19:00:52 App is up to date.
2025-08-13 20:00:52 Checking for update using Github
2025-08-13 20:00:52 Success.
2025-08-13 20:00:52 Latest version is 1.8.10
2025-08-13 20:00:52 App is up to date.
2025-08-13 21:00:52 Checking for update using Github
2025-08-13 21:00:52 Success.
2025-08-13 21:00:52 Latest version is 1.8.10
2025-08-13 21:00:52 App is up to date.
2025-08-13 22:00:52 Checking for update using Github
2025-08-13 22:00:52 Success.
2025-08-13 22:00:52 Latest version is 1.8.10
2025-08-13 22:00:52 App is up to date.
2025-08-13 23:00:52 Checking for update using Github
2025-08-13 23:00:52 Success.
2025-08-13 23:00:52 Latest version is 1.8.10
2025-08-13 23:00:52 App is up to date.
2025-08-14 16:40:29 Loading main app package /opt/Obsidian/resources/obsidian.asar
2025-08-14 16:40:29 Checking for update using Github
2025-08-14 16:40:30 Success.
2025-08-14 16:40:30 Latest version is 1.8.10
2025-08-14 16:40:30 App is up to date.
2025-08-14 17:40:29 Checking for update using Github
2025-08-14 17:40:29 Success.
2025-08-14 17:40:29 Latest version is 1.8.10
2025-08-14 17:40:29 App is up to date.
2025-08-14 18:40:29 Checking for update using Github
2025-08-14 18:40:29 Success.
2025-08-14 18:40:29 Latest version is 1.8.10
2025-08-14 18:40:29 App is up to date.
2025-08-14 19:40:29 Checking for update using Github
2025-08-14 19:40:29 Success.
2025-08-14 19:40:29 Latest version is 1.8.10
2025-08-14 19:40:29 App is up to date.
2025-08-14 20:40:29 Checking for update using Github
2025-08-14 20:40:29 Success.
2025-08-14 20:40:29 Latest version is 1.8.10
2025-08-14 20:40:29 App is up to date.
2025-08-14 21:40:29 Checking for update using Github
2025-08-14 21:40:29 Success.
2025-08-14 21:40:29 Latest version is 1.8.10
2025-08-14 21:40:29 App is up to date.
2025-08-14 22:40:29 Checking for update using Github
2025-08-14 22:40:29 Success.
2025-08-14 22:40:29 Latest version is 1.8.10
2025-08-14 22:40:29 App is up to date.
2025-08-14 23:40:29 Checking for update using Github
2025-08-14 23:40:29 Success.
2025-08-14 23:40:29 Latest version is 1.8.10
2025-08-14 23:40:29 App is up to date.
2025-08-15 00:40:29 Checking for update using Github
2025-08-15 00:40:29 Success.
2025-08-15 00:40:29 Latest version is 1.8.10
2025-08-15 00:40:29 App is up to date.
2025-08-15 01:40:29 Checking for update using Github
2025-08-15 01:40:29 Success.
2025-08-15 01:40:29 Latest version is 1.8.10
2025-08-15 01:40:29 App is up to date.
2025-08-15 02:40:29 Checking for update using Github
2025-08-15 02:40:29 Success.
2025-08-15 02:40:29 Latest version is 1.8.10
2025-08-15 02:40:29 App is up to date.
2025-08-15 03:40:29 Checking for update using Github
2025-08-15 03:40:29 Success.
2025-08-15 03:40:29 Latest version is 1.8.10
2025-08-15 03:40:29 App is up to date.
2025-08-15 04:40:29 Checking for update using Github
2025-08-15 04:40:29 Success.
2025-08-15 04:40:29 Latest version is 1.8.10
2025-08-15 04:40:29 App is up to date.
2025-08-15 05:40:29 Checking for update using Github
2025-08-15 05:40:29 Success.
2025-08-15 05:40:29 Latest version is 1.8.10
2025-08-15 05:40:29 App is up to date.
2025-08-15 06:40:29 Checking for update using Github
2025-08-15 06:40:29 Success.
2025-08-15 06:40:29 Latest version is 1.8.10
2025-08-15 06:40:29 App is up to date.
2025-08-15 07:40:29 Checking for update using Github
2025-08-15 07:40:29 Success.
2025-08-15 07:40:29 Latest version is 1.8.10
2025-08-15 07:40:29 App is up to date.
2025-08-15 09:14:18 Loading main app package /opt/Obsidian/resources/obsidian.asar
2025-08-15 09:14:18 Checking for update using Github
2025-08-15 09:14:18 Success.
2025-08-15 09:14:18 Latest version is 1.8.10
2025-08-15 09:14:18 App is up to date.
2025-08-15 10:14:18 Checking for update using Github
2025-08-15 10:14:18 Success.
2025-08-15 10:14:18 Latest version is 1.8.10
2025-08-15 10:14:18 App is up to date.
2025-08-15 11:14:18 Checking for update using Github
2025-08-15 11:14:18 Success.
2025-08-15 11:14:18 Latest version is 1.8.10
2025-08-15 11:14:18 App is up to date.
2025-08-15 12:14:18 Checking for update using Github
2025-08-15 12:14:18 Success.
2025-08-15 12:14:18 Latest version is 1.8.10
2025-08-15 12:14:18 App is up to date.
2025-08-15 13:14:18 Checking for update using Github
2025-08-15 13:14:18 Success.
2025-08-15 13:14:18 Latest version is 1.8.10
2025-08-15 13:14:18 App is up to date.
2025-08-15 14:14:18 Checking for update using Github
2025-08-15 14:14:18 Success.
2025-08-15 14:14:18 Latest version is 1.8.10
2025-08-15 14:14:18 App is up to date.
2025-08-15 15:14:18 Checking for update using Github
2025-08-15 15:14:18 Success.
2025-08-15 15:14:18 Latest version is 1.8.10
2025-08-15 15:14:18 App is up to date.
2025-08-15 16:14:18 Checking for update using Github
2025-08-15 16:14:18 Success.
2025-08-15 16:14:18 Latest version is 1.8.10
2025-08-15 16:14:18 App is up to date.
2025-08-15 17:14:18 Checking for update using Github
2025-08-15 17:14:18 Success.
2025-08-15 17:14:18 Latest version is 1.8.10
2025-08-15 17:14:18 App is up to date.
2025-08-15 18:14:18 Checking for update using Github
2025-08-15 18:14:18 Success.
2025-08-15 18:14:18 Latest version is 1.8.10
2025-08-15 18:14:18 App is up to date.
2025-08-15 19:14:18 Checking for update using Github
2025-08-15 19:14:18 Success.
2025-08-15 19:14:18 Latest version is 1.8.10
2025-08-15 19:14:18 App is up to date.
2025-08-16 21:30:13 Loading main app package /opt/Obsidian/resources/obsidian.asar
2025-08-16 21:30:13 Checking for update using Github
2025-08-16 21:30:13 Success.
2025-08-16 21:30:13 Latest version is 1.8.10
2025-08-16 21:30:13 App is up to date.
2025-08-16 23:37:14 Checking for update using Github
2025-08-16 23:37:14 Success.
2025-08-16 23:37:14 Latest version is 1.8.10
2025-08-16 23:37:14 App is up to date.
2025-08-17 00:37:14 Checking for update using Github
2025-08-17 00:37:14 Success.
2025-08-17 00:37:14 Latest version is 1.8.10
2025-08-17 00:37:14 App is up to date.
2025-08-28 07:41:14 Loading main app package /usr/lib/obsidian/obsidian.asar
2025-08-28 07:41:14 Checking for update using Github
2025-08-28 07:41:14 Success.
2025-08-28 07:41:14 Latest version is 1.9.12
2025-08-28 07:41:14 App is up to date.
