Unity Editor version:    6000.1.14f1 (db7aa045cc2c)
Branch:                  6000.1/staging
Build type:              Release
Batch mode:              NO
System name:             Linux
Distro version:          #1 SMP PREEMPT_DYNAMIC Tue, 29 Jul 2025 15:05:00 +0000
Kernel version:          6.15.8-arch1-2
Architecture:            x86_64
Window Protocol:         Wayland (XWayland)
Available memory:        15180 MB
Date:                    2025-08-02T20:16:56Z
[Licensing::Module] Trying to connect to existing licensing client channel...
[Licensing::IpcConnector] Successfully connected to: "LicenseClient-fais" at "2025-08-02T20:16:56.623575Z"
[SignatureVerifier] Application signature verification not supported on this platform.
[Licensing::Client] Handshaking with LicensingClient:
  Version:                 1.17.0+aa6cfba
  Session Id:              3518185e38844b6eaecfad8cdd766dd9
  Correlation Id:          95efbd57d4818985b188e2d1ba6ab831
  External correlation Id: 1306532453552381609
  Machine Id:              l5BrmzC7tZ/4/DIXJBhB6fr7fzg=
[Licensing::Module] Successfully connected to LicensingClient on channel: "LicenseClient-fais" (connect: 0.00s, validation: 0.01s, handshake: 0.00s)
[Licensing::IpcConnector] Successfully connected to: "LicenseClient-fais-notifications" at "2025-08-02T20:16:56.634945Z"
[Licensing::Client] Successfully updated the access token
[Licensing::Module] Successfully updated the access token mqEJoD8dmk...
[Licensing::Client] Successfully resolved entitlement details
[Licensing::Module] Serial number assigned to: "9071096487907-UnityPersXXXX"
[Licensing::Client] Successfully updated license, isAync: True, time: 0.01
[Licensing::Client] Successfully resolved entitlement details
Pro License: NO
Selected window backend: (null) 

(Unity:157547): Gtk-WARNING **: 20:16:57.889: Theme parsing error: <data>:1:29: Not using units is deprecated. Assuming 'px'.

(Unity:157547): Gtk-WARNING **: 20:16:57.889: Theme parsing error: <data>:1:34: Not using units is deprecated. Assuming 'px'.

(Unity:157547): Gtk-WARNING **: 20:16:57.890: Theme parsing error: <data>:1:29: Not using units is deprecated. Assuming 'px'.

(Unity:157547): Gtk-WARNING **: 20:16:57.890: Theme parsing error: <data>:1:34: Not using units is deprecated. Assuming 'px'.
Desktop is 1920 x 1200 @ 60 Hz
Initialize udev device monitor.

COMMAND LINE ARGUMENTS:
/home/fais/Unity/Hub/Editor/6000.1.14f1/Editor/Unity
-projectpath
/home/fais/punk.systems/code/unity/fishr
-useHub
-hubIPC
-cloudEnvironment
production
-licensingIpc
LicenseClient-fais
-hubSessionId
e3eb0781-5e75-4537-8117-d5f7e9776965
-accessToken
mqEJoD8dmkypAD5lDHV6EdD3oEb98dW_Z-i7jGrTwU0008f
-force-wayland
Successfully changed project path to: /home/fais/punk.systems/code/unity/fishr
/home/fais/punk.systems/code/unity/fishr
[UnityMemory] Configuration Parameters - Can be set up in boot.config
    "memorysetup-allocator-temp-initial-block-size-main=262144"
    "memorysetup-allocator-temp-initial-block-size-worker=262144"
    "memorysetup-bucket-allocator-granularity=16"
    "memorysetup-bucket-allocator-bucket-count=8"
    "memorysetup-bucket-allocator-block-size=33554432"
    "memorysetup-bucket-allocator-block-count=8"
    "memorysetup-main-allocator-block-size=16777216"
    "memorysetup-thread-allocator-block-size=16777216"
    "memorysetup-gfx-main-allocator-block-size=16777216"
    "memorysetup-gfx-thread-allocator-block-size=16777216"
    "memorysetup-cache-allocator-block-size=4194304"
    "memorysetup-typetree-allocator-block-size=2097152"
    "memorysetup-profiler-bucket-allocator-granularity=16"
    "memorysetup-profiler-bucket-allocator-bucket-count=8"
    "memorysetup-profiler-bucket-allocator-block-size=33554432"
    "memorysetup-profiler-bucket-allocator-block-count=8"
    "memorysetup-profiler-allocator-block-size=16777216"
    "memorysetup-profiler-editor-allocator-block-size=1048576"
    "memorysetup-temp-allocator-size-main=16777216"
    "memorysetup-job-temp-allocator-block-size=2097152"
    "memorysetup-job-temp-allocator-block-size-background=1048576"
    "memorysetup-job-temp-allocator-reduction-small-platforms=262144"
    "memorysetup-temp-allocator-size-background-worker=32768"
    "memorysetup-temp-allocator-size-job-worker=262144"
    "memorysetup-temp-allocator-size-preload-manager=33554432"
    "memorysetup-temp-allocator-size-nav-mesh-worker=65536"
    "memorysetup-temp-allocator-size-audio-worker=65536"
    "memorysetup-temp-allocator-size-cloud-worker=32768"
    "memorysetup-temp-allocator-size-gi-baking-worker=262144"
    "memorysetup-temp-allocator-size-gi-baking-worker=262144"
    "memorysetup-temp-allocator-size-gi-baking-worker=262144"
    "memorysetup-temp-allocator-size-gi-baking-worker=262144"
    "memorysetup-temp-allocator-size-gi-baking-worker=262144"
    "memorysetup-temp-allocator-size-gfx=262144"

(Unity:157547): GLib-GIO-CRITICAL **: 20:17:00.559: g_dbus_proxy_call_sync_internal: assertion 'G_IS_DBUS_PROXY (proxy)' failed

(Unity:157547): GLib-GIO-CRITICAL **: 20:17:00.576: g_dbus_proxy_call_sync_internal: assertion 'G_IS_DBUS_PROXY (proxy)' failed
Player connection [139877549913216]  Target information:

Player connection [139877549913216]  * "[IP] 192.168.1.249 [Port] 55504 [Flags] 2 [Guid] 516583965 [EditorId] 516583965 [Version] 1048832 [Id] LinuxEditor(16,192.168.1.249) [Debug] 1 [PackageName] LinuxEditor [ProjectName] Editor" 

Player connection [139877549913216] Host joined multi-casting on [225.0.0.222:54997]...
Player connection [139877549913216] Host joined alternative multi-casting on [225.0.0.222:34997]...
Input System module state changed to: Initialized.
[Physics::Module] Initialized fallback backend.
[Physics::Module] Id: 0xdecafbad

(Unity:157547): GLib-GIO-CRITICAL **: 20:17:00.705: g_dbus_proxy_call_sync_internal: assertion 'G_IS_DBUS_PROXY (proxy)' failed

(Unity:157547): GLib-GIO-CRITICAL **: 20:17:00.713: g_dbus_proxy_call_sync_internal: assertion 'G_IS_DBUS_PROXY (proxy)' failed

(Unity:157547): GLib-GIO-CRITICAL **: 20:17:00.715: g_dbus_proxy_call_sync_internal: assertion 'G_IS_DBUS_PROXY (proxy)' failed
[Package Manager] Connected to IPC stream "Upm-157547" after 0.5 seconds.

(Unity:157547): GLib-GIO-CRITICAL **: 20:17:01.167: g_dbus_proxy_call_sync_internal: assertion 'G_IS_DBUS_PROXY (proxy)' failed

(Unity:157547): GLib-GIO-CRITICAL **: 20:17:01.178: g_dbus_proxy_call_sync_internal: assertion 'G_IS_DBUS_PROXY (proxy)' failed
Library Redirect Path: Library/
[Package Manager] Restoring resolved packages state from cache
[Licensing::Client] Successfully resolved entitlement details
[Package Manager] Registered 63 packages:
  Packages from [https://packages.unity.com]:
    com.unity.2d.animation@11.0.0 (location: /home/fais/punk.systems/code/unity/fishr/Library/PackageCache/com.unity.2d.animation@a1db3619cb6f)
    com.unity.2d.aseprite@1.2.5 (location: /home/fais/punk.systems/code/unity/fishr/Library/PackageCache/com.unity.2d.aseprite@fa26c8d7c7e6)
    com.unity.2d.psdimporter@10.1.1 (location: /home/fais/punk.systems/code/unity/fishr/Library/PackageCache/com.unity.2d.psdimporter@5684369550c9)
    com.unity.2d.spriteshape@11.0.0 (location: /home/fais/punk.systems/code/unity/fishr/Library/PackageCache/com.unity.2d.spriteshape@8dceeebcc959)
    com.unity.2d.tilemap.extras@4.3.1 (location: /home/fais/punk.systems/code/unity/fishr/Library/PackageCache/com.unity.2d.tilemap.extras@b9e908ce61f4)
    com.unity.collab-proxy@2.8.2 (location: /home/fais/punk.systems/code/unity/fishr/Library/PackageCache/com.unity.collab-proxy@c854d1f7d97f)
    com.unity.ide.rider@3.0.36 (location: /home/fais/punk.systems/code/unity/fishr/Library/PackageCache/com.unity.ide.rider@4d374c7eb6db)
    com.unity.ide.visualstudio@2.0.23 (location: /home/fais/punk.systems/code/unity/fishr/Library/PackageCache/com.unity.ide.visualstudio@198cdf337d13)
    com.unity.inputsystem@1.14.0 (location: /home/fais/punk.systems/code/unity/fishr/Library/PackageCache/com.unity.inputsystem@7fe8299111a7)
    com.unity.timeline@1.8.7 (location: /home/fais/punk.systems/code/unity/fishr/Library/PackageCache/com.unity.timeline@c58b4ee65782)
    com.unity.visualscripting@1.9.7 (location: /home/fais/punk.systems/code/unity/fishr/Library/PackageCache/com.unity.visualscripting@6279e2b7c485)
    com.unity.2d.common@10.0.0 (location: /home/fais/punk.systems/code/unity/fishr/Library/PackageCache/com.unity.2d.common@f525660c63bc)
    com.unity.mathematics@1.3.2 (location: /home/fais/punk.systems/code/unity/fishr/Library/PackageCache/com.unity.mathematics@8017b507cc74)
    com.unity.collections@2.5.1 (location: /home/fais/punk.systems/code/unity/fishr/Library/PackageCache/com.unity.collections@56bff8827a7e)
    com.unity.searcher@4.9.3 (location: /home/fais/punk.systems/code/unity/fishr/Library/PackageCache/com.unity.searcher@1e17ce91558d)
    com.unity.burst@1.8.23 (location: /home/fais/punk.systems/code/unity/fishr/Library/PackageCache/com.unity.burst@6aff1dd08a0c)
    com.unity.nuget.mono-cecil@1.11.4 (location: /home/fais/punk.systems/code/unity/fishr/Library/PackageCache/com.unity.nuget.mono-cecil@d6f9955a5d5f)
    com.unity.test-framework.performance@3.1.0 (location: /home/fais/punk.systems/code/unity/fishr/Library/PackageCache/com.unity.test-framework.performance@92d1d09a72ed)
  Built-in packages:
    com.unity.2d.sprite@1.0.0 (location: /home/fais/punk.systems/code/unity/fishr/Library/PackageCache/com.unity.2d.sprite@f8c851cdc7eb)
    com.unity.2d.tilemap@1.0.0 (location: /home/fais/punk.systems/code/unity/fishr/Library/PackageCache/com.unity.2d.tilemap@f70da02372b2)
    com.unity.multiplayer.center@1.0.0 (location: /home/fais/punk.systems/code/unity/fishr/Library/PackageCache/com.unity.multiplayer.center@f5e57a8bed06)
    com.unity.render-pipelines.universal@17.1.0 (location: /home/fais/punk.systems/code/unity/fishr/Library/PackageCache/com.unity.render-pipelines.universal@7d314c3e1aac)
    com.unity.test-framework@1.5.1 (location: /home/fais/punk.systems/code/unity/fishr/Library/PackageCache/com.unity.test-framework@960f8d82a4fc)
    com.unity.ugui@2.0.0 (location: /home/fais/punk.systems/code/unity/fishr/Library/PackageCache/com.unity.ugui@d02961a6a1a6)
    com.unity.modules.accessibility@1.0.0 (location: /home/fais/Unity/Hub/Editor/6000.1.14f1/Editor/Data/Resources/PackageManager/BuiltInPackages/com.unity.modules.accessibility)
    com.unity.modules.ai@1.0.0 (location: /home/fais/Unity/Hub/Editor/6000.1.14f1/Editor/Data/Resources/PackageManager/BuiltInPackages/com.unity.modules.ai)
    com.unity.modules.androidjni@1.0.0 (location: /home/fais/Unity/Hub/Editor/6000.1.14f1/Editor/Data/Resources/PackageManager/BuiltInPackages/com.unity.modules.androidjni)
    com.unity.modules.animation@1.0.0 (location: /home/fais/Unity/Hub/Editor/6000.1.14f1/Editor/Data/Resources/PackageManager/BuiltInPackages/com.unity.modules.animation)
    com.unity.modules.assetbundle@1.0.0 (location: /home/fais/Unity/Hub/Editor/6000.1.14f1/Editor/Data/Resources/PackageManager/BuiltInPackages/com.unity.modules.assetbundle)
    com.unity.modules.audio@1.0.0 (location: /home/fais/Unity/Hub/Editor/6000.1.14f1/Editor/Data/Resources/PackageManager/BuiltInPackages/com.unity.modules.audio)
    com.unity.modules.cloth@1.0.0 (location: /home/fais/Unity/Hub/Editor/6000.1.14f1/Editor/Data/Resources/PackageManager/BuiltInPackages/com.unity.modules.cloth)
    com.unity.modules.director@1.0.0 (location: /home/fais/Unity/Hub/Editor/6000.1.14f1/Editor/Data/Resources/PackageManager/BuiltInPackages/com.unity.modules.director)
    com.unity.modules.imageconversion@1.0.0 (location: /home/fais/Unity/Hub/Editor/6000.1.14f1/Editor/Data/Resources/PackageManager/BuiltInPackages/com.unity.modules.imageconversion)
    com.unity.modules.imgui@1.0.0 (location: /home/fais/Unity/Hub/Editor/6000.1.14f1/Editor/Data/Resources/PackageManager/BuiltInPackages/com.unity.modules.imgui)
    com.unity.modules.jsonserialize@1.0.0 (location: /home/fais/Unity/Hub/Editor/6000.1.14f1/Editor/Data/Resources/PackageManager/BuiltInPackages/com.unity.modules.jsonserialize)
    com.unity.modules.particlesystem@1.0.0 (location: /home/fais/Unity/Hub/Editor/6000.1.14f1/Editor/Data/Resources/PackageManager/BuiltInPackages/com.unity.modules.particlesystem)
    com.unity.modules.physics@1.0.0 (location: /home/fais/Unity/Hub/Editor/6000.1.14f1/Editor/Data/Resources/PackageManager/BuiltInPackages/com.unity.modules.physics)
    com.unity.modules.physics2d@1.0.0 (location: /home/fais/Unity/Hub/Editor/6000.1.14f1/Editor/Data/Resources/PackageManager/BuiltInPackages/com.unity.modules.physics2d)
    com.unity.modules.screencapture@1.0.0 (location: /home/fais/Unity/Hub/Editor/6000.1.14f1/Editor/Data/Resources/PackageManager/BuiltInPackages/com.unity.modules.screencapture)
    com.unity.modules.terrain@1.0.0 (location: /home/fais/Unity/Hub/Editor/6000.1.14f1/Editor/Data/Resources/PackageManager/BuiltInPackages/com.unity.modules.terrain)
    com.unity.modules.terrainphysics@1.0.0 (location: /home/fais/Unity/Hub/Editor/6000.1.14f1/Editor/Data/Resources/PackageManager/BuiltInPackages/com.unity.modules.terrainphysics)
    com.unity.modules.tilemap@1.0.0 (location: /home/fais/Unity/Hub/Editor/6000.1.14f1/Editor/Data/Resources/PackageManager/BuiltInPackages/com.unity.modules.tilemap)
    com.unity.modules.ui@1.0.0 (location: /home/fais/Unity/Hub/Editor/6000.1.14f1/Editor/Data/Resources/PackageManager/BuiltInPackages/com.unity.modules.ui)
    com.unity.modules.uielements@1.0.0 (location: /home/fais/Unity/Hub/Editor/6000.1.14f1/Editor/Data/Resources/PackageManager/BuiltInPackages/com.unity.modules.uielements)
    com.unity.modules.umbra@1.0.0 (location: /home/fais/Unity/Hub/Editor/6000.1.14f1/Editor/Data/Resources/PackageManager/BuiltInPackages/com.unity.modules.umbra)
    com.unity.modules.unityanalytics@1.0.0 (location: /home/fais/Unity/Hub/Editor/6000.1.14f1/Editor/Data/Resources/PackageManager/BuiltInPackages/com.unity.modules.unityanalytics)
    com.unity.modules.unitywebrequest@1.0.0 (location: /home/fais/Unity/Hub/Editor/6000.1.14f1/Editor/Data/Resources/PackageManager/BuiltInPackages/com.unity.modules.unitywebrequest)
    com.unity.modules.unitywebrequestassetbundle@1.0.0 (location: /home/fais/Unity/Hub/Editor/6000.1.14f1/Editor/Data/Resources/PackageManager/BuiltInPackages/com.unity.modules.unitywebrequestassetbundle)
    com.unity.modules.unitywebrequestaudio@1.0.0 (location: /home/fais/Unity/Hub/Editor/6000.1.14f1/Editor/Data/Resources/PackageManager/BuiltInPackages/com.unity.modules.unitywebrequestaudio)
    com.unity.modules.unitywebrequesttexture@1.0.0 (location: /home/fais/Unity/Hub/Editor/6000.1.14f1/Editor/Data/Resources/PackageManager/BuiltInPackages/com.unity.modules.unitywebrequesttexture)
    com.unity.modules.unitywebrequestwww@1.0.0 (location: /home/fais/Unity/Hub/Editor/6000.1.14f1/Editor/Data/Resources/PackageManager/BuiltInPackages/com.unity.modules.unitywebrequestwww)
    com.unity.modules.vehicles@1.0.0 (location: /home/fais/Unity/Hub/Editor/6000.1.14f1/Editor/Data/Resources/PackageManager/BuiltInPackages/com.unity.modules.vehicles)
    com.unity.modules.video@1.0.0 (location: /home/fais/Unity/Hub/Editor/6000.1.14f1/Editor/Data/Resources/PackageManager/BuiltInPackages/com.unity.modules.video)
    com.unity.modules.vr@1.0.0 (location: /home/fais/Unity/Hub/Editor/6000.1.14f1/Editor/Data/Resources/PackageManager/BuiltInPackages/com.unity.modules.vr)
    com.unity.modules.wind@1.0.0 (location: /home/fais/Unity/Hub/Editor/6000.1.14f1/Editor/Data/Resources/PackageManager/BuiltInPackages/com.unity.modules.wind)
    com.unity.modules.xr@1.0.0 (location: /home/fais/Unity/Hub/Editor/6000.1.14f1/Editor/Data/Resources/PackageManager/BuiltInPackages/com.unity.modules.xr)
    com.unity.modules.subsystems@1.0.0 (location: /home/fais/Unity/Hub/Editor/6000.1.14f1/Editor/Data/Resources/PackageManager/BuiltInPackages/com.unity.modules.subsystems)
    com.unity.modules.hierarchycore@1.0.0 (location: /home/fais/Unity/Hub/Editor/6000.1.14f1/Editor/Data/Resources/PackageManager/BuiltInPackages/com.unity.modules.hierarchycore)
    com.unity.ext.nunit@2.0.5 (location: /home/fais/punk.systems/code/unity/fishr/Library/PackageCache/com.unity.ext.nunit@b16e6d09cd93)
    com.unity.render-pipelines.core@17.1.0 (location: /home/fais/punk.systems/code/unity/fishr/Library/PackageCache/com.unity.render-pipelines.core@e4274c29439d)
    com.unity.shadergraph@17.1.0 (location: /home/fais/punk.systems/code/unity/fishr/Library/PackageCache/com.unity.shadergraph@bb08d4ac9cdc)
    com.unity.render-pipelines.universal-config@17.0.3 (location: /home/fais/punk.systems/code/unity/fishr/Library/PackageCache/com.unity.render-pipelines.universal-config@dbe3fd082d8f)
    com.unity.rendering.light-transport@1.0.1 (location: /home/fais/punk.systems/code/unity/fishr/Library/PackageCache/com.unity.rendering.light-transport@9db08e501a4b)
[Physics::Module] Selected backend.
[Physics::Module] Name: PhysX
[Physics::Module] Id: 0xf2b8ea05
[Physics::Module] SDK Version: 4.1.2
[Physics::Module] Integration Version: 1.0.0
[Physics::Module] Threading Mode: Multi-Threaded
[Subsystems] No new subsystems found in resolved package list.
Package Manager log level set to [2]
[Package Manager] Done registering packages in 0.27 seconds

(Unity:157547): GLib-GIO-CRITICAL **: 20:17:01.460: g_dbus_proxy_call_sync_internal: assertion 'G_IS_DBUS_PROXY (proxy)' failed

(Unity:157547): GLib-GIO-CRITICAL **: 20:17:01.514: g_dbus_proxy_call_sync_internal: assertion 'G_IS_DBUS_PROXY (proxy)' failed
Refreshing native plugins compatible for Editor in 2.95 ms, found 1 plugins.
Preloading 0 native plugins for Editor in 0.00 ms.

(Unity:157547): GLib-GIO-CRITICAL **: 20:17:01.523: g_dbus_proxy_call_sync_internal: assertion 'G_IS_DBUS_PROXY (proxy)' failed
Initialize engine version: 6000.1.14f1 (db7aa045cc2c)
[Subsystems] Discovering subsystems at path /home/fais/Unity/Hub/Editor/6000.1.14f1/Editor/Data/Resources/UnitySubsystems
[Subsystems] Discovering subsystems at path /home/fais/punk.systems/code/unity/fishr/Assets
kGfxThreadingModeSplitJobs is not supported on OpenGL Core. Reverting to kGfxThreadingModeDirect instead.
GfxDevice: creating device client; kGfxThreadingModeDirect
GLX Extensions: GLX_ARB_context_flush_control GLX_ARB_create_context GLX_ARB_create_context_no_error GLX_ARB_create_context_profile GLX_ARB_create_context_robustness GLX_ARB_fbconfig_float GLX_ARB_framebuffer_sRGB GLX_ARB_get_proc_address GLX_ARB_multisample GLX_EXT_buffer_age GLX_EXT_create_context_es2_profile GLX_EXT_create_context_es_profile GLX_EXT_fbconfig_packed_float GLX_EXT_framebuffer_sRGB GLX_EXT_no_config_context GLX_EXT_swap_control GLX_EXT_swap_control_tear GLX_EXT_texture_from_pixmap GLX_EXT_visual_info GLX_EXT_visual_rating GLX_MESA_copy_sub_buffer GLX_MESA_gl_interop GLX_MESA_query_renderer GLX_MESA_swap_control GLX_OML_sync_control GLX_SGIS_multisample GLX_SGIX_fbconfig GLX_SGIX_pbuffer GLX_SGIX_visual_select_group GLX_SGI_make_current_read GLX_SGI_video_sync 
Renderer: AMD Radeon 780M Graphics (radeonsi, phoenix, LLVM 20.1.8, DRM 3.63, 6.15.8-arch1-2)
Vendor:   AMD
Version:  4.6 (Core Profile) Mesa 25.1.7-arch1.1
GLES:     0
 GL_AMD_conservative_depth GL_AMD_depth_clamp_separate GL_AMD_draw_buffers_blend GL_AMD_gpu_shader_int64 GL_AMD_multi_draw_indirect GL_AMD_pinned_memory GL_AMD_query_buffer_object GL_AMD_seamless_cubemap_per_texture GL_AMD_shader_stencil_export GL_AMD_shader_trinary_minmax GL_AMD_texture_texture4 GL_AMD_vertex_shader_layer GL_AMD_vertex_shader_viewport_index GL_ANGLE_texture_compression_dxt3 GL_ANGLE_texture_compression_dxt5 GL_ARB_ES2_compatibility GL_ARB_ES3_1_compatibility GL_ARB_ES3_2_compatibility GL_ARB_ES3_compatibility GL_ARB_arrays_of_arrays GL_ARB_base_instance GL_ARB_bindless_texture GL_ARB_blend_func_extended GL_ARB_buffer_storage GL_ARB_clear_buffer_object GL_ARB_clear_texture GL_ARB_clip_control GL_ARB_color_buffer_float GL_ARB_compressed_texture_pixel_storage GL_ARB_compute_shader GL_ARB_compute_variable_group_size GL_ARB_conditional_render_inverted GL_ARB_conservative_depth GL_ARB_copy_buffer GL_ARB_copy_image GL_ARB_cull_distance GL_ARB_debug_output GL_ARB_depth_buffer_float GL_ARB_depth_cla
mp GL_ARB_derivative_control GL_ARB_direct_state_access GL_ARB_draw_buffers GL_ARB_draw_buffers_blend GL_ARB_draw_elements_base_vertex GL_ARB_draw_indirect GL_ARB_draw_instanced GL_ARB_enhanced_layouts GL_ARB_explicit_attrib_location GL_ARB_explicit_uniform_location GL_ARB_fragment_coord_conventions GL_ARB_fragment_layer_viewport GL_ARB_fragment_shader GL_ARB_framebuffer_no_attachments GL_ARB_framebuffer_object GL_ARB_framebuffer_sRGB GL_ARB_get_program_binary GL_ARB_get_texture_sub_image GL_ARB_gl_spirv GL_ARB_gpu_shader5 GL_ARB_gpu_shader_fp64 GL_ARB_gpu_shader_int64 GL_ARB_half_float_pixel GL_ARB_half_float_vertex GL_ARB_indirect_parameters GL_ARB_instanced_arrays GL_ARB_internalformat_query GL_ARB_internalformat_query2 GL_ARB_invalidate_subdata GL_ARB_map_buffer_alignment GL_ARB_map_buffer_range GL_ARB_multi_bind GL_ARB_multi_draw_indirect GL_ARB_occlusion_query2 GL_ARB_parallel_shader_compile GL_ARB_pipeline_statistics_query GL_ARB_pixel_buffer_object GL_ARB_point_sprite GL_ARB_polygon_offset_clamp GL_A
RB_post_depth_coverage GL_ARB_program_interface_query GL_ARB_provoking_vertex GL_ARB_query_buffer_object GL_ARB_robust_buffer_access_behavior GL_ARB_robustness GL_ARB_sample_shading GL_ARB_sampler_objects GL_ARB_seamless_cube_map GL_ARB_seamless_cubemap_per_texture GL_ARB_separate_shader_objects GL_ARB_shader_atomic_counter_ops GL_ARB_shader_atomic_counters GL_ARB_shader_ballot GL_ARB_shader_bit_encoding GL_ARB_shader_clock GL_ARB_shader_draw_parameters GL_ARB_shader_group_vote GL_ARB_shader_image_load_store GL_ARB_shader_image_size GL_ARB_shader_objects GL_ARB_shader_precision GL_ARB_shader_stencil_export GL_ARB_shader_storage_buffer_object GL_ARB_shader_subroutine GL_ARB_shader_texture_image_samples GL_ARB_shader_texture_lod GL_ARB_shader_viewport_layer_array GL_ARB_shading_language_420pack GL_ARB_shading_language_include GL_ARB_shading_language_packing GL_ARB_sparse_buffer GL_ARB_sparse_texture GL_ARB_sparse_texture2 GL_ARB_sparse_texture_clamp GL_ARB_spirv_extensions GL_ARB_stencil_texturing GL_ARB_sync 
GL_ARB_tessellation_shader GL_ARB_texture_barrier GL_ARB_texture_border_clamp GL_ARB_texture_buffer_object GL_ARB_texture_buffer_object_rgb32 GL_ARB_texture_buffer_range GL_ARB_texture_compression_bptc GL_ARB_texture_compression_rgtc GL_ARB_texture_cube_map_array GL_ARB_texture_filter_anisotropic GL_ARB_texture_filter_minmax GL_ARB_texture_float GL_ARB_texture_gather GL_ARB_texture_mirror_clamp_to_edge GL_ARB_texture_multisample GL_ARB_texture_non_power_of_two GL_ARB_texture_query_levels GL_ARB_texture_query_lod GL_ARB_texture_rectangle GL_ARB_texture_rg GL_ARB_texture_rgb10_a2ui GL_ARB_texture_stencil8 GL_ARB_texture_storage GL_ARB_texture_storage_multisample GL_ARB_texture_swizzle GL_ARB_texture_view GL_ARB_timer_query GL_ARB_transform_feedback2 GL_ARB_transform_feedback3 GL_ARB_transform_feedback_instanced GL_ARB_transform_feedback_overflow_query GL_ARB_uniform_buffer_object GL_ARB_vertex_array_bgra GL_ARB_vertex_array_object GL_ARB_vertex_attrib_64bit GL_ARB_vertex_attrib_binding GL_ARB_vertex_buffer_obj
ect GL_ARB_vertex_shader GL_ARB_vertex_type_10f_11f_11f_rev GL_ARB_vertex_type_2_10_10_10_rev GL_ARB_viewport_array GL_ATI_blend_equation_separate GL_ATI_meminfo GL_ATI_texture_float GL_ATI_texture_mirror_once GL_EXT_EGL_image_storage GL_EXT_EGL_image_storage_compression GL_EXT_EGL_sync GL_EXT_abgr GL_EXT_blend_equation_separate GL_EXT_debug_label GL_EXT_demote_to_helper_invocation GL_EXT_depth_bounds_test GL_EXT_draw_buffers2 GL_EXT_draw_instanced GL_EXT_framebuffer_blit GL_EXT_framebuffer_multisample GL_EXT_framebuffer_multisample_blit_scaled GL_EXT_framebuffer_object GL_EXT_framebuffer_sRGB GL_EXT_memory_object GL_EXT_memory_object_fd GL_EXT_packed_depth_stencil GL_EXT_packed_float GL_EXT_pixel_buffer_object GL_EXT_polygon_offset_clamp GL_EXT_provoking_vertex GL_EXT_semaphore GL_EXT_semaphore_fd GL_EXT_shader_image_load_formatted GL_EXT_shader_image_load_store GL_EXT_shader_integer_mix GL_EXT_texture_array GL_EXT_texture_compression_dxt1 GL_EXT_texture_compression_rgtc GL_EXT_texture_compression_s3tc GL_E
XT_texture_filter_anisotropic GL_EXT_texture_filter_minmax GL_EXT_texture_integer GL_EXT_texture_mirror_clamp GL_EXT_texture_sRGB GL_EXT_texture_sRGB_R8 GL_EXT_texture_sRGB_RG8 GL_EXT_texture_sRGB_decode GL_EXT_texture_shadow_lod GL_EXT_texture_shared_exponent GL_EXT_texture_snorm GL_EXT_texture_storage GL_EXT_texture_swizzle GL_EXT_timer_query GL_EXT_transform_feedback GL_EXT_vertex_array_bgra GL_EXT_vertex_attrib_64bit GL_EXT_window_rectangles GL_IBM_multimode_draw_arrays GL_INTEL_blackhole_render GL_KHR_blend_equation_advanced GL_KHR_context_flush_control GL_KHR_debug GL_KHR_no_error GL_KHR_parallel_shader_compile GL_KHR_robust_buffer_access_behavior GL_KHR_robustness GL_KHR_shader_subgroup GL_KHR_texture_compression_astc_ldr GL_KHR_texture_compression_astc_sliced_3d GL_MESA_framebuffer_flip_y GL_MESA_pack_invert GL_MESA_shader_integer_functions GL_MESA_texture_const_bandwidth GL_MESA_texture_signed_rgba GL_NVX_gpu_memory_info GL_NV_alpha_to_coverage_dither_control GL_NV_compute_shader_derivatives GL_NV_c
onditional_render GL_NV_copy_image GL_NV_depth_clamp GL_NV_packed_depth_stencil GL_NV_shader_atomic_int64 GL_NV_texture_barrier GL_NV_vdpau_interop GL_OES_EGL_image GL_S3_s3tc
OPENGL LOG: Creating OpenGL 4.6 graphics device ; Context level  <OpenGL 4.5> ; Context handle 1850022800
Shader Hidden/ProbeVolume/VoxelizeScene is not supported: GPU does not support conservative rasterization
[Licensing::Client] Successfully resolved entitlement details

(Unity:157547): GLib-GIO-CRITICAL **: 20:17:01.788: g_dbus_proxy_call_sync_internal: assertion 'G_IS_DBUS_PROXY (proxy)' failed

(Unity:157547): GLib-GIO-CRITICAL **: 20:17:01.799: g_dbus_proxy_call_sync_internal: assertion 'G_IS_DBUS_PROXY (proxy)' failed
Initialize mono
Mono path[0] = '/home/fais/Unity/Hub/Editor/6000.1.14f1/Editor/Data/Managed'
Mono path[1] = '/home/fais/Unity/Hub/Editor/6000.1.14f1/Editor/Data/MonoBleedingEdge/lib/mono/unityjit-linux'
Mono config path = '/home/fais/Unity/Hub/Editor/6000.1.14f1/Editor/Data/MonoBleedingEdge/etc'
Using monoOptions --debugger-agent=transport=dt_socket,embedding=1,server=y,suspend=n,address=127.0.0.1:56547
Using cacheserver namespaces - metadata:defaultmetadata, artifacts:defaultartifacts
Using cacheserver namespaces - metadata:defaultmetadata, artifacts:defaultartifacts
ImportWorker Server TCP listen port: 0
AcceleratorClientConnectionCallback - disconnected - :0

(Unity:157547): GLib-GIO-CRITICAL **: 20:17:01.887: g_dbus_proxy_call_sync_internal: assertion 'G_IS_DBUS_PROXY (proxy)' failed
Begin MonoManager ReloadAssembly
Registering precompiled unity dll's ...
Register platform support module: /home/fais/Unity/Hub/Editor/6000.1.14f1/Editor/Data/PlaybackEngines/WebGLSupport/UnityEditor.WebGL.Extensions.dll
Register platform support module: /home/fais/Unity/Hub/Editor/6000.1.14f1/Editor/Data/PlaybackEngines/LinuxStandaloneSupport/UnityEditor.LinuxStandalone.Extensions.dll
Registered in 0.006061 seconds.
- Loaded All Assemblies, in  0.811 seconds
Native extension for LinuxStandalone target not found
Native extension for WebGL target not found

(Unity:157547): GLib-GIO-CRITICAL **: 20:17:03.020: g_dbus_proxy_call_sync_internal: assertion 'G_IS_DBUS_PROXY (proxy)' failed

(Unity:157547): GLib-GIO-CRITICAL **: 20:17:03.281: g_dbus_proxy_call_sync_internal: assertion 'G_IS_DBUS_PROXY (proxy)' failed

(Unity:157547): GLib-GIO-CRITICAL **: 20:17:03.294: g_dbus_proxy_call_sync_internal: assertion 'G_IS_DBUS_PROXY (proxy)' failed

(Unity:157547): GLib-GIO-CRITICAL **: 20:17:03.450: g_dbus_proxy_call_sync_internal: assertion 'G_IS_DBUS_PROXY (proxy)' failed
Mono: successfully reloaded assembly

(Unity:157547): GLib-GIO-CRITICAL **: 20:17:03.489: g_dbus_proxy_call_sync_internal: assertion 'G_IS_DBUS_PROXY (proxy)' failed

(Unity:157547): GLib-GIO-CRITICAL **: 20:17:03.501: g_dbus_proxy_call_sync_internal: assertion 'G_IS_DBUS_PROXY (proxy)' failed
- Finished resetting the current domain, in  0.797 seconds
Domain Reload Profiling: 1608ms
	BeginReloadAssembly (176ms)
		ExecutionOrderSort (0ms)
		DisableScriptedObjects (0ms)
		BackupInstance (0ms)
		ReleaseScriptingObjects (0ms)
		CreateAndSetChildDomain (1ms)
	RebuildCommonClasses (86ms)
	RebuildNativeTypeToScriptingClass (19ms)
	initialDomainReloadingComplete (149ms)
	LoadAllAssembliesAndSetupDomain (379ms)
		LoadAssemblies (175ms)
		RebuildTransferFunctionScriptingTraits (0ms)
		AnalyzeDomain (372ms)
			TypeCache.Refresh (369ms)
				TypeCache.ScanAssembly (341ms)
			BuildScriptInfoCaches (0ms)
			ResolveRequiredComponents (1ms)
	FinalizeReload (798ms)
		ReleaseScriptCaches (0ms)
		RebuildScriptCaches (0ms)
		SetupLoadedEditorAssemblies (710ms)
			LogAssemblyErrors (0ms)
			InitializePlatformSupportModulesInManaged (122ms)
			SetLoadedEditorAssemblies (10ms)
			BeforeProcessingInitializeOnLoad (132ms)
			ProcessInitializeOnLoadAttributes (276ms)
			ProcessInitializeOnLoadMethodAttributes (169ms)
			AfterProcessingInitializeOnLoad (0ms)
			EditorAssembliesLoaded (0ms)
		ExecutionOrderSort2 (0ms)
		AwakeInstancesAfterBackupRestoration (0ms)

(Unity:157547): GLib-GIO-CRITICAL **: 20:17:03.529: g_dbus_proxy_call_sync_internal: assertion 'G_IS_DBUS_PROXY (proxy)' failed
[Licensing::Client] Successfully resolved entitlement details

(Unity:157547): GLib-GIO-CRITICAL **: 20:17:03.548: g_dbus_proxy_call_sync_internal: assertion 'G_IS_DBUS_PROXY (proxy)' failed
Application.AssetDatabase Initial Refresh Start
[40m[32minfo[39m[22m[49m: Microsoft.Hosting.Lifetime[14]
      Now listening on: http://unix:/tmp/ilpp.sock-714cdbf2a9542a238561fbb3a5865216
[40m[32minfo[39m[22m[49m: Microsoft.Hosting.Lifetime[0]
      Application started. Press Ctrl+C to shut down.
[40m[32minfo[39m[22m[49m: Microsoft.Hosting.Lifetime[0]
      Hosting environment: Production
[40m[32minfo[39m[22m[49m: Microsoft.Hosting.Lifetime[0]
      Content root path: /home/fais/punk.systems/code/unity/fishr/
[40m[32minfo[39m[22m[49m: Microsoft.AspNetCore.Hosting.Diagnostics[1]
      Request starting HTTP/2 POST http://ilpp/UnityILPP.PostProcessing/Ping application/grpc -
[40m[32minfo[39m[22m[49m: Microsoft.AspNetCore.Routing.EndpointMiddleware[0]
      Executing endpoint 'gRPC - /UnityILPP.PostProcessing/Ping'
[40m[32minfo[39m[22m[49m: Microsoft.AspNetCore.Routing.EndpointMiddleware[1]
      Executed endpoint 'gRPC - /UnityILPP.PostProcessing/Ping'
[40m[32minfo[39m[22m[49m: Microsoft.AspNetCore.Hosting.Diagnostics[2]
      Request finished HTTP/2 POST http://ilpp/UnityILPP.PostProcessing/Ping application/grpc - - 200 - application/grpc 94.4046ms
Starting: /home/fais/Unity/Hub/Editor/6000.1.14f1/Editor/Data/bee_backend --ipc --defer-dag-verification --dagfile="Library/Bee/2400b0aE.dag" --continue-on-failure --profile="Library/Bee/backend1.traceevents" ScriptAssemblies
WorkingDir: /home/fais/punk.systems/code/unity/fishr
[40m[32minfo[39m[22m[49m: Microsoft.AspNetCore.Hosting.Diagnostics[1]
      Request starting HTTP/2 POST http://ilpp/UnityILPP.PostProcessing/ConfigurePostProcessors application/grpc -
[40m[32minfo[39m[22m[49m: Microsoft.AspNetCore.Routing.EndpointMiddleware[0]
      Executing endpoint 'gRPC - /UnityILPP.PostProcessing/ConfigurePostProcessors'
[40m[1m[33mwarn[39m[22m[49m: Unity.ILPP.Runner.PostProcessingAssemblyLoadContext[0]
      Assembly system.runtime.interopservices.windowsruntime has duplicate hint path. Ignoring "/home/fais/Unity/Hub/Editor/6000.1.14f1/Editor/Data/UnityReferenceAssemblies/unity-4.8-api/Facades/System.Runtime.InteropServices.WindowsRuntime.dll" in favor of "/home/fais/Unity/Hub/Editor/6000.1.14f1/Editor/Data/NetStandard/Extensions/2.0.0/System.Runtime.InteropServices.WindowsRuntime.dll"
[40m[1m[33mwarn[39m[22m[49m: Unity.ILPP.Runner.PostProcessingAssemblyLoadContext[0]
      Assembly system.componentmodel.composition has duplicate hint path. Ignoring "/home/fais/Unity/Hub/Editor/6000.1.14f1/Editor/Data/UnityReferenceAssemblies/unity-4.8-api/System.ComponentModel.Composition.dll" in favor of "/home/fais/Unity/Hub/Editor/6000.1.14f1/Editor/Data/NetStandard/compat/2.1.0/shims/netfx/System.ComponentModel.Composition.dll"
[40m[32minfo[39m[22m[49m: Unity.ILPP.Runner.PostProcessingAssemblyLoadContext[0]
      Resolved Unity.Burst.Cecil, Version=0.11.4.0, Culture=neutral, PublicKeyToken=50cebf1cceb9d05e with Library/PackageCache/com.unity.burst@6aff1dd08a0c/Unity.Burst.CodeGen/Unity.Burst.Cecil.dll
[40m[32minfo[39m[22m[49m: Unity.ILPP.Runner.PostProcessingAssemblyLoadContext[0]
      Resolved Mono.Cecil, Version=0.11.4.0, Culture=neutral, PublicKeyToken=50cebf1cceb9d05e with Library/PackageCache/com.unity.nuget.mono-cecil@d6f9955a5d5f/Mono.Cecil.dll
[40m[32minfo[39m[22m[49m: Microsoft.AspNetCore.Routing.EndpointMiddleware[1]
      Executed endpoint 'gRPC - /UnityILPP.PostProcessing/ConfigurePostProcessors'
[40m[32minfo[39m[22m[49m: Microsoft.AspNetCore.Hosting.Diagnostics[2]
      Request finished HTTP/2 POST http://ilpp/UnityILPP.PostProcessing/ConfigurePostProcessors application/grpc - - 200 - application/grpc 57.5602ms

(Unity:157547): GLib-GIO-CRITICAL **: 20:17:05.583: g_dbus_proxy_call_sync_internal: assertion 'G_IS_DBUS_PROXY (proxy)' failed

(Unity:157547): GLib-GIO-CRITICAL **: 20:17:05.592: g_dbus_proxy_call_sync_internal: assertion 'G_IS_DBUS_PROXY (proxy)' failed
ExitCode: 0 Duration: 0s321ms
[645/853    0s] ILPP-Configuration Library/ilpp-configuration.nevergeneratedoutput
*** Tundra build success (0.29 seconds), 1 items updated, 853 evaluated
Total cache size 34756492
AssetDatabase: script compilation time: 1.420831s
Total cache size after purge 34756492, took 00:00:00.0357863

(Unity:157547): GLib-GIO-CRITICAL **: 20:17:05.754: g_dbus_proxy_call_sync_internal: assertion 'G_IS_DBUS_PROXY (proxy)' failed
Begin MonoManager ReloadAssembly

(Unity:157547): GLib-GIO-CRITICAL **: 20:17:05.761: g_dbus_proxy_call_sync_internal: assertion 'G_IS_DBUS_PROXY (proxy)' failed

(Unity:157547): GLib-GIO-CRITICAL **: 20:17:05.764: g_dbus_proxy_call_sync_internal: assertion 'G_IS_DBUS_PROXY (proxy)' failed
- Loaded All Assemblies, in  1.310 seconds

(Unity:157547): GLib-GIO-CRITICAL **: 20:17:07.070: g_dbus_proxy_call_sync_internal: assertion 'G_IS_DBUS_PROXY (proxy)' failed
Refreshing native plugins compatible for Editor in 2.29 ms, found 1 plugins.
Native extension for LinuxStandalone target not found
Native extension for WebGL target not found

(Unity:157547): GLib-GIO-CRITICAL **: 20:17:07.997: g_dbus_proxy_call_sync_internal: assertion 'G_IS_DBUS_PROXY (proxy)' failed

(Unity:157547): GLib-GIO-CRITICAL **: 20:17:11.076: g_dbus_proxy_call_sync_internal: assertion 'G_IS_DBUS_PROXY (proxy)' failed

(Unity:157547): GLib-GIO-CRITICAL **: 20:17:11.083: g_dbus_proxy_call_sync_internal: assertion 'G_IS_DBUS_PROXY (proxy)' failed

(Unity:157547): GLib-GIO-CRITICAL **: 20:17:11.239: g_dbus_proxy_call_sync_internal: assertion 'G_IS_DBUS_PROXY (proxy)' failed
Mono: successfully reloaded assembly

(Unity:157547): GLib-GIO-CRITICAL **: 20:17:11.257: g_dbus_proxy_call_sync_internal: assertion 'G_IS_DBUS_PROXY (proxy)' failed

(Unity:157547): GLib-GIO-CRITICAL **: 20:17:11.283: g_dbus_proxy_call_sync_internal: assertion 'G_IS_DBUS_PROXY (proxy)' failed

(Unity:157547): GLib-GIO-CRITICAL **: 20:17:11.285: g_dbus_proxy_call_sync_internal: assertion 'G_IS_DBUS_PROXY (proxy)' failed

(Unity:157547): GLib-GIO-CRITICAL **: 20:17:11.292: g_dbus_proxy_call_sync_internal: assertion 'G_IS_DBUS_PROXY (proxy)' failed
- Finished resetting the current domain, in  3.865 seconds
Domain Reload Profiling: 5168ms
	BeginReloadAssembly (253ms)
		ExecutionOrderSort (0ms)
		DisableScriptedObjects (19ms)
		BackupInstance (0ms)
		ReleaseScriptingObjects (0ms)
		CreateAndSetChildDomain (75ms)
	RebuildCommonClasses (73ms)
	RebuildNativeTypeToScriptingClass (17ms)
	initialDomainReloadingComplete (59ms)
	LoadAllAssembliesAndSetupDomain (902ms)
		LoadAssemblies (490ms)
		RebuildTransferFunctionScriptingTraits (0ms)
		AnalyzeDomain (511ms)
			TypeCache.Refresh (375ms)
				TypeCache.ScanAssembly (353ms)
			BuildScriptInfoCaches (109ms)
			ResolveRequiredComponents (22ms)
	FinalizeReload (3865ms)
		ReleaseScriptCaches (0ms)
		RebuildScriptCaches (0ms)
		SetupLoadedEditorAssemblies (3601ms)
			LogAssemblyErrors (0ms)
			InitializePlatformSupportModulesInManaged (55ms)
			SetLoadedEditorAssemblies (11ms)
			BeforeProcessingInitializeOnLoad (276ms)
			ProcessInitializeOnLoadAttributes (3092ms)
			ProcessInitializeOnLoadMethodAttributes (162ms)
			AfterProcessingInitializeOnLoad (5ms)
			EditorAssembliesLoaded (0ms)
		ExecutionOrderSort2 (0ms)
		AwakeInstancesAfterBackupRestoration (6ms)
Asset Pipeline Refresh (id=f5ca90d20a0f41c6cbb6b7585818fc06): Total: 8.151 seconds - Initiated by InitialRefreshV2(ForceSynchronousImport)
	Summary:
		Imports: total=0 (actual=0, local cache=0, cache server=0)
		Asset DB Process Time: managed=0 ms, native=4985 ms
		Asset DB Callback time: managed=290 ms, native=0 ms
		Scripting: domain reloads=1, domain reload time=1321 ms, compile time=1422 ms, other=130 ms
		Project Asset Count: scripts=1380, non-scripts=2835
		Asset File Changes: new=0, changed=0, moved=0, deleted=0
		Scan Filter Count: 1
	InvokeCustomDependenciesCallbacks: 0.004ms
	InvokePackagesCallback: 0.931ms
	ApplyChangesToAssetFolders: 0.468ms
	Scan: 474.548ms
	OnSourceAssetsModified: 0.003ms
	CategorizeAssetsWithTransientArtifact: 121.107ms
	ProcessAssetsWithTransientArtifactChanges: 132.975ms
	CategorizeAssets: 54.175ms
	ImportOutOfDateAssets: 3879.250ms (2454.536ms without children)
		CompileScripts: 1422.240ms
		ReloadNativeAssets: 0.031ms
		UnloadImportedAssets: 1.110ms
		EnsureUptoDateAssetsAreRegisteredWithGuidPM: 0.973ms
		InitializingProgressBar: 0.000ms
		PostProcessAllAssetNotificationsAddChangedAssets: 0.001ms
		OnDemandSchedulerStart: 0.360ms
	PostProcessAllAssets: 290.208ms
	GatherAllCurrentPrimaryArtifactRevisions: 0.001ms
	UnloadStreamsBegin: 1.049ms
	PersistCurrentRevisions: 0.102ms
	UnloadStreamsEnd: 0.001ms
	GenerateScriptTypeHashes: 2.463ms
	Untracked: 3196.020ms


(Unity:157547): GLib-GIO-CRITICAL **: 20:17:11.700: g_dbus_proxy_call_sync_internal: assertion 'G_IS_DBUS_PROXY (proxy)' failed
Application.AssetDatabase Initial Refresh End

(Unity:157547): GLib-GIO-CRITICAL **: 20:17:11.709: g_dbus_proxy_call_sync_internal: assertion 'G_IS_DBUS_PROXY (proxy)' failed
AutoLocale: current locale expects 'C' but got 'en_US.UTF-8'Launched and connected shader compiler UnityShaderCompiler after 0.01 seconds

(Unity:157547): GLib-GIO-CRITICAL **: 20:17:11.844: g_dbus_proxy_call_sync_internal: assertion 'G_IS_DBUS_PROXY (proxy)' failed

(Unity:157547): GLib-GIO-CRITICAL **: 20:17:11.861: g_dbus_proxy_call_sync_internal: assertion 'G_IS_DBUS_PROXY (proxy)' failed
Scanning for USB devices : 6.315ms
Initializing Unity extensions:

(Unity:157547): GLib-GIO-CRITICAL **: 20:17:11.908: g_dbus_proxy_call_sync_internal: assertion 'G_IS_DBUS_PROXY (proxy)' failed

(Unity:157547): GLib-GIO-CRITICAL **: 20:17:12.080: g_dbus_proxy_call_sync_internal: assertion 'G_IS_DBUS_PROXY (proxy)' failed

(Unity:157547): GLib-GIO-CRITICAL **: 20:17:12.152: g_dbus_proxy_call_sync_internal: assertion 'G_IS_DBUS_PROXY (proxy)' failed
[Licensing::Client] Successfully resolved entitlement details

(Unity:157547): GLib-GIO-CRITICAL **: 20:17:12.180: g_dbus_proxy_call_sync_internal: assertion 'G_IS_DBUS_PROXY (proxy)' failed
UpdateMenuTitleForLanguage: 10
[MODES] ModeService[none].Initialize
[MODES] ModeService[none].LoadModes
[MODES] Loading mode Default (0) for mode-current-id-fishr

(Unity:157547): GLib-GIO-CRITICAL **: 20:17:12.572: g_dbus_proxy_call_sync_internal: assertion 'G_IS_DBUS_PROXY (proxy)' failed
Unloading 33 Unused Serialized files (Serialized files now loaded: 0)
Loaded scene 'Assets/Scenes/SampleScene.unity'
	Deserialize:            4.372 ms
	Integration:            348.542 ms
	Integration of assets:  0.006 ms
	Thread Wait Time:       0.004 ms
	Total Operation Time:   352.924 ms
Unloading 6631 unused Assets / (6.9 MB). Loaded Objects now: 7320.
Memory consumption went from 175.5 MB to 168.6 MB.
Total: 13.791011 ms (FindLiveObjects: 0.754857 ms CreateObjectMapping: 0.603893 ms MarkObjects: 8.822998 ms  DeleteObjects: 3.608001 ms)

[LAYOUT] About to load UserSettings/Layouts/default-6000.dwlt, keepMainWindow=False
cant resolve internal call to "System.IO.InotifyWatcher::GetInotifyInstance" (tested without signature also)

Your mono runtime and class libraries are out of sync.
The out of sync library is: /home/fais/punk.systems/code/unity/fishr/Library/PackageCache/com.unity.collab-proxy@c854d1f7d97f/Lib/Editor/unityplastic.dll

When you update one from git you need to update, compile and install
the other too.
Do not report this as a bug unless you're sure you have updated correctly:
you probably have a broken mono install.
If you see other errors or faults after this message they are probably related
and you need to fix your mono install first.
cant resolve internal call to "System.IO.InotifyWatcher::GetInotifyInstance" (tested without signature also)
Unhandled description string UnityAssetDiffShortcut
GLX Extensions: GLX_ARB_context_flush_control GLX_ARB_create_context GLX_ARB_create_context_no_error GLX_ARB_create_context_profile GLX_ARB_create_context_robustness GLX_ARB_fbconfig_float GLX_ARB_framebuffer_sRGB GLX_ARB_get_proc_address GLX_ARB_multisample GLX_EXT_buffer_age GLX_EXT_create_context_es2_profile GLX_EXT_create_context_es_profile GLX_EXT_fbconfig_packed_float GLX_EXT_framebuffer_sRGB GLX_EXT_no_config_context GLX_EXT_swap_control GLX_EXT_swap_control_tear GLX_EXT_texture_from_pixmap GLX_EXT_visual_info GLX_EXT_visual_rating GLX_MESA_copy_sub_buffer GLX_MESA_gl_interop GLX_MESA_query_renderer GLX_MESA_swap_control GLX_OML_sync_control GLX_SGIS_multisample GLX_SGIX_fbconfig GLX_SGIX_pbuffer GLX_SGIX_visual_select_group GLX_SGI_make_current_read GLX_SGI_video_sync 
GLX Extensions: GLX_ARB_context_flush_control GLX_ARB_create_context GLX_ARB_create_context_no_error GLX_ARB_create_context_profile GLX_ARB_create_context_robustness GLX_ARB_fbconfig_float GLX_ARB_framebuffer_sRGB GLX_ARB_get_proc_address GLX_ARB_multisample GLX_EXT_buffer_age GLX_EXT_create_context_es2_profile GLX_EXT_create_context_es_profile GLX_EXT_fbconfig_packed_float GLX_EXT_framebuffer_sRGB GLX_EXT_no_config_context GLX_EXT_swap_control GLX_EXT_swap_control_tear GLX_EXT_texture_from_pixmap GLX_EXT_visual_info GLX_EXT_visual_rating GLX_MESA_copy_sub_buffer GLX_MESA_gl_interop GLX_MESA_query_renderer GLX_MESA_swap_control GLX_OML_sync_control GLX_SGIS_multisample GLX_SGIX_fbconfig GLX_SGIX_pbuffer GLX_SGIX_visual_select_group GLX_SGI_make_current_read GLX_SGI_video_sync 
GLX Extensions: GLX_ARB_context_flush_control GLX_ARB_create_context GLX_ARB_create_context_no_error GLX_ARB_create_context_profile GLX_ARB_create_context_robustness GLX_ARB_fbconfig_float GLX_ARB_framebuffer_sRGB GLX_ARB_get_proc_address GLX_ARB_multisample GLX_EXT_buffer_age GLX_EXT_create_context_es2_profile GLX_EXT_create_context_es_profile GLX_EXT_fbconfig_packed_float GLX_EXT_framebuffer_sRGB GLX_EXT_no_config_context GLX_EXT_swap_control GLX_EXT_swap_control_tear GLX_EXT_texture_from_pixmap GLX_EXT_visual_info GLX_EXT_visual_rating GLX_MESA_copy_sub_buffer GLX_MESA_gl_interop GLX_MESA_query_renderer GLX_MESA_swap_control GLX_OML_sync_control GLX_SGIS_multisample GLX_SGIX_fbconfig GLX_SGIX_pbuffer GLX_SGIX_visual_select_group GLX_SGI_make_current_read GLX_SGI_video_sync 
GLX Extensions: GLX_ARB_context_flush_control GLX_ARB_create_context GLX_ARB_create_context_no_error GLX_ARB_create_context_profile GLX_ARB_create_context_robustness GLX_ARB_fbconfig_float GLX_ARB_framebuffer_sRGB GLX_ARB_get_proc_address GLX_ARB_multisample GLX_EXT_buffer_age GLX_EXT_create_context_es2_profile GLX_EXT_create_context_es_profile GLX_EXT_fbconfig_packed_float GLX_EXT_framebuffer_sRGB GLX_EXT_no_config_context GLX_EXT_swap_control GLX_EXT_swap_control_tear GLX_EXT_texture_from_pixmap GLX_EXT_visual_info GLX_EXT_visual_rating GLX_MESA_copy_sub_buffer GLX_MESA_gl_interop GLX_MESA_query_renderer GLX_MESA_swap_control GLX_OML_sync_control GLX_SGIS_multisample GLX_SGIX_fbconfig GLX_SGIX_pbuffer GLX_SGIX_visual_select_group GLX_SGI_make_current_read GLX_SGI_video_sync 
GLX Extensions: GLX_ARB_context_flush_control GLX_ARB_create_context GLX_ARB_create_context_no_error GLX_ARB_create_context_profile GLX_ARB_create_context_robustness GLX_ARB_fbconfig_float GLX_ARB_framebuffer_sRGB GLX_ARB_get_proc_address GLX_ARB_multisample GLX_EXT_buffer_age GLX_EXT_create_context_es2_profile GLX_EXT_create_context_es_profile GLX_EXT_fbconfig_packed_float GLX_EXT_framebuffer_sRGB GLX_EXT_no_config_context GLX_EXT_swap_control GLX_EXT_swap_control_tear GLX_EXT_texture_from_pixmap GLX_EXT_visual_info GLX_EXT_visual_rating GLX_MESA_copy_sub_buffer GLX_MESA_gl_interop GLX_MESA_query_renderer GLX_MESA_swap_control GLX_OML_sync_control GLX_SGIS_multisample GLX_SGIX_fbconfig GLX_SGIX_pbuffer GLX_SGIX_visual_select_group GLX_SGI_make_current_read GLX_SGI_video_sync 
GLX Extensions: GLX_ARB_context_flush_control GLX_ARB_create_context GLX_ARB_create_context_no_error GLX_ARB_create_context_profile GLX_ARB_create_context_robustness GLX_ARB_fbconfig_float GLX_ARB_framebuffer_sRGB GLX_ARB_get_proc_address GLX_ARB_multisample GLX_EXT_buffer_age GLX_EXT_create_context_es2_profile GLX_EXT_create_context_es_profile GLX_EXT_fbconfig_packed_float GLX_EXT_framebuffer_sRGB GLX_EXT_no_config_context GLX_EXT_swap_control GLX_EXT_swap_control_tear GLX_EXT_texture_from_pixmap GLX_EXT_visual_info GLX_EXT_visual_rating GLX_MESA_copy_sub_buffer GLX_MESA_gl_interop GLX_MESA_query_renderer GLX_MESA_swap_control GLX_OML_sync_control GLX_SGIS_multisample GLX_SGIX_fbconfig GLX_SGIX_pbuffer GLX_SGIX_visual_select_group GLX_SGI_make_current_read GLX_SGI_video_sync 
[LAYOUT] About to save layout /home/fais/punk.systems/code/unity/fishr/UserSettings/Layouts/default-6000.dwlt
[LAYOUT] About to save layout /home/fais/.config/unity3d/Preferences/Editor-5.x/Layouts/current/default-6000.dwlt
[MODES] ModeService[default].InitializeCurrentMode
[MODES] ModeService[default].RaiseModeChanged(default, default)

(Unity:157547): GLib-GIO-CRITICAL **: 20:17:13.684: g_dbus_proxy_call_sync_internal: assertion 'G_IS_DBUS_PROXY (proxy)' failed
Unhandled description string UnityAssetDiffShortcut

(Unity:157547): GLib-GIO-CRITICAL **: 20:17:14.253: g_dbus_proxy_call_sync_internal: assertion 'G_IS_DBUS_PROXY (proxy)' failed
Disable old input system
[Project] Loading completed in 17.653 seconds
	Project init time: 				11.634 seconds
		Template init time: 		0.000 seconds
		Package Manager init time: 		0.462 seconds
		Asset Database init time: 		0.335 seconds
		Global illumination init time: 	0.006 seconds
		Assemblies load time: 			1.639 seconds
		Unity extensions init time: 	0.039 seconds
		Asset Database refresh time: 	8.157 seconds
	Scene opening time: 			2.079 seconds
##utp:{"type":"ProjectInfo","version":2,"phase":"Immediate","time":1754165834268,"processId":157547,"projectLoad":17.653108077,"projectInit":11.634387914,"templateInit":0.0,"packageManagerInit":0.462297877,"assetDatabaseInit":0.335186043,"globalIlluminationInit":0.005936721,"assembliesLoad":1.639052422,"unityExtensionsInit":0.039292859,"assetDatabaseRefresh":8.156897695,"sceneOpening":2.079291102}
##utp:{"type":"EditorInfo","version":2,"phase":"Immediate","time":1754165834268,"processId":157547,"editorVersion":"6000.1.14f1 (db7aa045cc2c)","branch":"6000.1/staging","buildType":"Release","platform":"Linux"}

(Unity:157547): GLib-GIO-CRITICAL **: 20:17:14.286: g_dbus_proxy_call_sync_internal: assertion 'G_IS_DBUS_PROXY (proxy)' failed
Asset Pipeline Refresh (id=1ac81b21a745f34d2a6918756d9432bc): Total: 0.227 seconds - Initiated by RefreshV2(NoUpdateAssetOptions)
Shader Hidden/ProbeVolume/VoxelizeScene is not supported: GPU does not support conservative rasterization

(Unity:157547): GLib-GIO-CRITICAL **: 20:17:14.540: g_dbus_proxy_call_sync_internal: assertion 'G_IS_DBUS_PROXY (proxy)' failed

(Unity:157547): GLib-GIO-CRITICAL **: 20:17:14.542: g_dbus_proxy_call_sync_internal: assertion 'G_IS_DBUS_PROXY (proxy)' failed

(Unity:157547): GLib-GIO-CRITICAL **: 20:17:14.543: g_dbus_proxy_call_sync_internal: assertion 'G_IS_DBUS_PROXY (proxy)' failed

(Unity:157547): GLib-GIO-CRITICAL **: 20:17:14.544: g_dbus_proxy_call_sync_internal: assertion 'G_IS_DBUS_PROXY (proxy)' failed

(Unity:157547): GLib-GIO-CRITICAL **: 20:17:14.545: g_dbus_proxy_call_sync_internal: assertion 'G_IS_DBUS_PROXY (proxy)' failed

(Unity:157547): GLib-GIO-CRITICAL **: 20:17:14.545: g_dbus_proxy_call_sync_internal: assertion 'G_IS_DBUS_PROXY (proxy)' failed

(Unity:157547): GLib-GIO-CRITICAL **: 20:17:14.546: g_dbus_proxy_call_sync_internal: assertion 'G_IS_DBUS_PROXY (proxy)' failed

(Unity:157547): GLib-GIO-CRITICAL **: 20:17:14.546: g_dbus_proxy_call_sync_internal: assertion 'G_IS_DBUS_PROXY (proxy)' failed

(Unity:157547): GLib-GIO-CRITICAL **: 20:17:14.547: g_dbus_proxy_call_sync_internal: assertion 'G_IS_DBUS_PROXY (proxy)' failed

(Unity:157547): GLib-GIO-CRITICAL **: 20:17:14.547: g_dbus_proxy_call_sync_internal: assertion 'G_IS_DBUS_PROXY (proxy)' failed

(Unity:157547): GLib-GIO-CRITICAL **: 20:17:14.548: g_dbus_proxy_call_sync_internal: assertion 'G_IS_DBUS_PROXY (proxy)' failed

(Unity:157547): GLib-GIO-CRITICAL **: 20:17:14.548: g_dbus_proxy_call_sync_internal: assertion 'G_IS_DBUS_PROXY (proxy)' failed

(Unity:157547): GLib-GIO-CRITICAL **: 20:17:14.548: g_dbus_proxy_call_sync_internal: assertion 'G_IS_DBUS_PROXY (proxy)' failed

(Unity:157547): GLib-GIO-CRITICAL **: 20:17:14.549: g_dbus_proxy_call_sync_internal: assertion 'G_IS_DBUS_PROXY (proxy)' failed

(Unity:157547): GLib-GIO-CRITICAL **: 20:17:14.549: g_dbus_proxy_call_sync_internal: assertion 'G_IS_DBUS_PROXY (proxy)' failed

(Unity:157547): GLib-GIO-CRITICAL **: 20:17:14.550: g_dbus_proxy_call_sync_internal: assertion 'G_IS_DBUS_PROXY (proxy)' failed

(Unity:157547): GLib-GIO-CRITICAL **: 20:17:14.551: g_dbus_proxy_call_sync_internal: assertion 'G_IS_DBUS_PROXY (proxy)' failed

(Unity:157547): GLib-GIO-CRITICAL **: 20:17:14.552: g_dbus_proxy_call_sync_internal: assertion 'G_IS_DBUS_PROXY (proxy)' failed

(Unity:157547): GLib-GIO-CRITICAL **: 20:17:14.552: g_dbus_proxy_call_sync_internal: assertion 'G_IS_DBUS_PROXY (proxy)' failed

(Unity:157547): GLib-GIO-CRITICAL **: 20:17:14.552: g_dbus_proxy_call_sync_internal: assertion 'G_IS_DBUS_PROXY (proxy)' failed

(Unity:157547): GLib-GIO-CRITICAL **: 20:17:14.552: g_dbus_proxy_call_sync_internal: assertion 'G_IS_DBUS_PROXY (proxy)' failed

(Unity:157547): GLib-GIO-CRITICAL **: 20:17:14.553: g_dbus_proxy_call_sync_internal: assertion 'G_IS_DBUS_PROXY (proxy)' failed

(Unity:157547): GLib-GIO-CRITICAL **: 20:17:14.553: g_dbus_proxy_call_sync_internal: assertion 'G_IS_DBUS_PROXY (proxy)' failed

(Unity:157547): GLib-GIO-CRITICAL **: 20:17:14.553: g_dbus_proxy_call_sync_internal: assertion 'G_IS_DBUS_PROXY (proxy)' failed

(Unity:157547): GLib-GIO-CRITICAL **: 20:17:14.554: g_dbus_proxy_call_sync_internal: assertion 'G_IS_DBUS_PROXY (proxy)' failed

(Unity:157547): GLib-GIO-CRITICAL **: 20:17:14.554: g_dbus_proxy_call_sync_internal: assertion 'G_IS_DBUS_PROXY (proxy)' failed

(Unity:157547): GLib-GIO-CRITICAL **: 20:17:14.554: g_dbus_proxy_call_sync_internal: assertion 'G_IS_DBUS_PROXY (proxy)' failed

(Unity:157547): GLib-GIO-CRITICAL **: 20:17:14.555: g_dbus_proxy_call_sync_internal: assertion 'G_IS_DBUS_PROXY (proxy)' failed

(Unity:157547): GLib-GIO-CRITICAL **: 20:17:14.556: g_dbus_proxy_call_sync_internal: assertion 'G_IS_DBUS_PROXY (proxy)' failed

(Unity:157547): GLib-GIO-CRITICAL **: 20:17:14.556: g_dbus_proxy_call_sync_internal: assertion 'G_IS_DBUS_PROXY (proxy)' failed

(Unity:157547): GLib-GIO-CRITICAL **: 20:17:14.557: g_dbus_proxy_call_sync_internal: assertion 'G_IS_DBUS_PROXY (proxy)' failed

(Unity:157547): GLib-GIO-CRITICAL **: 20:17:14.557: g_dbus_proxy_call_sync_internal: assertion 'G_IS_DBUS_PROXY (proxy)' failed

(Unity:157547): GLib-GIO-CRITICAL **: 20:17:14.557: g_dbus_proxy_call_sync_internal: assertion 'G_IS_DBUS_PROXY (proxy)' failed

(Unity:157547): GLib-GIO-CRITICAL **: 20:17:14.558: g_dbus_proxy_call_sync_internal: assertion 'G_IS_DBUS_PROXY (proxy)' failed

(Unity:157547): GLib-GIO-CRITICAL **: 20:17:14.558: g_dbus_proxy_call_sync_internal: assertion 'G_IS_DBUS_PROXY (proxy)' failed

(Unity:157547): GLib-GIO-CRITICAL **: 20:17:14.559: g_dbus_proxy_call_sync_internal: assertion 'G_IS_DBUS_PROXY (proxy)' failed

(Unity:157547): GLib-GIO-CRITICAL **: 20:17:14.559: g_dbus_proxy_call_sync_internal: assertion 'G_IS_DBUS_PROXY (proxy)' failed

(Unity:157547): GLib-GIO-CRITICAL **: 20:17:14.559: g_dbus_proxy_call_sync_internal: assertion 'G_IS_DBUS_PROXY (proxy)' failed

(Unity:157547): GLib-GIO-CRITICAL **: 20:17:14.560: g_dbus_proxy_call_sync_internal: assertion 'G_IS_DBUS_PROXY (proxy)' failed

(Unity:157547): GLib-GIO-CRITICAL **: 20:17:14.560: g_dbus_proxy_call_sync_internal: assertion 'G_IS_DBUS_PROXY (proxy)' failed

(Unity:157547): GLib-GIO-CRITICAL **: 20:17:14.560: g_dbus_proxy_call_sync_internal: assertion 'G_IS_DBUS_PROXY (proxy)' failed

(Unity:157547): GLib-GIO-CRITICAL **: 20:17:14.561: g_dbus_proxy_call_sync_internal: assertion 'G_IS_DBUS_PROXY (proxy)' failed

(Unity:157547): GLib-GIO-CRITICAL **: 20:17:14.561: g_dbus_proxy_call_sync_internal: assertion 'G_IS_DBUS_PROXY (proxy)' failed

(Unity:157547): GLib-GIO-CRITICAL **: 20:17:14.562: g_dbus_proxy_call_sync_internal: assertion 'G_IS_DBUS_PROXY (proxy)' failed

(Unity:157547): GLib-GIO-CRITICAL **: 20:17:14.562: g_dbus_proxy_call_sync_internal: assertion 'G_IS_DBUS_PROXY (proxy)' failed

(Unity:157547): GLib-GIO-CRITICAL **: 20:17:14.562: g_dbus_proxy_call_sync_internal: assertion 'G_IS_DBUS_PROXY (proxy)' failed

(Unity:157547): GLib-GIO-CRITICAL **: 20:17:14.563: g_dbus_proxy_call_sync_internal: assertion 'G_IS_DBUS_PROXY (proxy)' failed

(Unity:157547): GLib-GIO-CRITICAL **: 20:17:14.563: g_dbus_proxy_call_sync_internal: assertion 'G_IS_DBUS_PROXY (proxy)' failed

(Unity:157547): GLib-GIO-CRITICAL **: 20:17:14.564: g_dbus_proxy_call_sync_internal: assertion 'G_IS_DBUS_PROXY (proxy)' failed

(Unity:157547): GLib-GIO-CRITICAL **: 20:17:14.564: g_dbus_proxy_call_sync_internal: assertion 'G_IS_DBUS_PROXY (proxy)' failed

(Unity:157547): GLib-GIO-CRITICAL **: 20:17:14.565: g_dbus_proxy_call_sync_internal: assertion 'G_IS_DBUS_PROXY (proxy)' failed

(Unity:157547): GLib-GIO-CRITICAL **: 20:17:14.565: g_dbus_proxy_call_sync_internal: assertion 'G_IS_DBUS_PROXY (proxy)' failed

(Unity:157547): GLib-GIO-CRITICAL **: 20:17:14.566: g_dbus_proxy_call_sync_internal: assertion 'G_IS_DBUS_PROXY (proxy)' failed

(Unity:157547): GLib-GIO-CRITICAL **: 20:17:14.567: g_dbus_proxy_call_sync_internal: assertion 'G_IS_DBUS_PROXY (proxy)' failed

(Unity:157547): GLib-GIO-CRITICAL **: 20:17:14.567: g_dbus_proxy_call_sync_internal: assertion 'G_IS_DBUS_PROXY (proxy)' failed

(Unity:157547): GLib-GIO-CRITICAL **: 20:17:14.567: g_dbus_proxy_call_sync_internal: assertion 'G_IS_DBUS_PROXY (proxy)' failed

(Unity:157547): GLib-GIO-CRITICAL **: 20:17:14.568: g_dbus_proxy_call_sync_internal: assertion 'G_IS_DBUS_PROXY (proxy)' failed

(Unity:157547): GLib-GIO-CRITICAL **: 20:17:14.568: g_dbus_proxy_call_sync_internal: assertion 'G_IS_DBUS_PROXY (proxy)' failed

(Unity:157547): GLib-GIO-CRITICAL **: 20:17:14.569: g_dbus_proxy_call_sync_internal: assertion 'G_IS_DBUS_PROXY (proxy)' failed

(Unity:157547): GLib-GIO-CRITICAL **: 20:17:14.569: g_dbus_proxy_call_sync_internal: assertion 'G_IS_DBUS_PROXY (proxy)' failed

(Unity:157547): GLib-GIO-CRITICAL **: 20:17:14.569: g_dbus_proxy_call_sync_internal: assertion 'G_IS_DBUS_PROXY (proxy)' failed

(Unity:157547): GLib-GIO-CRITICAL **: 20:17:14.571: g_dbus_proxy_call_sync_internal: assertion 'G_IS_DBUS_PROXY (proxy)' failed

(Unity:157547): GLib-GIO-CRITICAL **: 20:17:14.573: g_dbus_proxy_call_sync_internal: assertion 'G_IS_DBUS_PROXY (proxy)' failed

(Unity:157547): GLib-GIO-CRITICAL **: 20:17:14.573: g_dbus_proxy_call_sync_internal: assertion 'G_IS_DBUS_PROXY (proxy)' failed

(Unity:157547): GLib-GIO-CRITICAL **: 20:17:14.574: g_dbus_proxy_call_sync_internal: assertion 'G_IS_DBUS_PROXY (proxy)' failed
Created GICache directory at /home/fais/.cache/unity3d/GiCache. Took: 0.003s, timestamps: [17.670 - 17.672]
[Licensing::Client] Successfully updated the access token
[Licensing::Module] Successfully updated access token: "mqEJoD8d"... (expires: 2025-08-02T22:17:15Z)
[Licensing::Client] Successfully updated the access token
[Licensing::Module] Successfully updated access token: "mqEJoD8d"... (expires: 2025-08-02T22:17:16Z)
UPID Received 'a5745d79-42cf-4835-a023-5f4b6bb88c84'.
GLX Extensions: GLX_ARB_context_flush_control GLX_ARB_create_context GLX_ARB_create_context_no_error GLX_ARB_create_context_profile GLX_ARB_create_context_robustness GLX_ARB_fbconfig_float GLX_ARB_framebuffer_sRGB GLX_ARB_get_proc_address GLX_ARB_multisample GLX_EXT_buffer_age GLX_EXT_create_context_es2_profile GLX_EXT_create_context_es_profile GLX_EXT_fbconfig_packed_float GLX_EXT_framebuffer_sRGB GLX_EXT_no_config_context GLX_EXT_swap_control GLX_EXT_swap_control_tear GLX_EXT_texture_from_pixmap GLX_EXT_visual_info GLX_EXT_visual_rating GLX_MESA_copy_sub_buffer GLX_MESA_gl_interop GLX_MESA_query_renderer GLX_MESA_swap_control GLX_OML_sync_control GLX_SGIS_multisample GLX_SGIX_fbconfig GLX_SGIX_pbuffer GLX_SGIX_visual_select_group GLX_SGI_make_current_read GLX_SGI_video_sync 
[LAYOUT] About to save layout /home/fais/punk.systems/code/unity/fishr/UserSettings/Layouts/default-6000.dwlt
[LAYOUT] About to save layout /home/fais/.config/unity3d/Preferences/Editor-5.x/Layouts/current/default-6000.dwlt
[Physics::Module] Cleanup current backned.
[Physics::Module] Id: 0xf2b8ea05
Input System module state changed to: ShutdownInProgress.
Input System polling thread exited.
Input System module state changed to: Shutdown.
[Licensing::IpcConnector] LicenseClient-fais-notifications channel disconnected successfully.
[Licensing::IpcConnector] LicenseClient-fais channel disconnected successfully.
AcceleratorClientConnectionCallback - disconnected - :0
[40m[32minfo[39m[22m[49m: Microsoft.Hosting.Lifetime[0]
      Application is shutting down...
[40m[32minfo[39m[22m[49m: Unity.ILPP.Runner.PostProcessingAssemblyLoadContext[0]
      ALC ILPP context 1 is unloading
Cleanup mono
debugger-agent: Unable to listen on 93

SDL leaked 2 allocations
[Package Manager] Server process was shutdown
Checking for leaked weakptr:
  Found no leaked weakptrs.
##utp:{"type":"MemoryLeaks","version":2,"phase":"Immediate","time":1754165850269,"processId":157547,"allocatedMemory":12811258,"memoryLabels":[{"Default":21029},{"Permanent":16136},{"Thread":1084616},{"Manager":814641},{"VertexData":8},{"Geometry":408},{"VFX":-104},{"Texture":568},{"Shader":79929},{"Material":24},{"GfxDevice":36440},{"Animation":392},{"Audio":4032},{"FontEngine":320},{"Physics":1241},{"Serialization":808},{"Input":26752},{"JobScheduler":33968},{"TextLib":160},{"Mono":32},{"ScriptingNativeRuntime":155096},{"BaseObject":1622488},{"Resource":1032},{"Renderer":2928},{"Transform":4678},{"File":3789},{"WebCam":80},{"Culling":32},{"Terrain":11298},{"Wind":24},{"String":33545},{"DynamicArray":123121},{"HashMap":116792},{"Utility":2663384},{"PoolAlloc":2000},{"AI":40},{"TypeTree":5005},{"ScriptManager":512},{"RuntimeInitializeOnLoadManager":64},{"SpriteAtlas":112},{"GI":7416},{"Director":8208},{"CloudService":6904},{"WebRequest":5263},{"VR":45826},{"SceneManager":528},{"Video":64},{"LazyScriptCache":32},{"NativeArray":548},{"Camera":17},{"Secure":11833},{"SerializationCache":1576},{"APIUpdating":10320},{"Subsystems":336},{"VirtualTexturing":57552},{"StaticSafetyDebugInfo":278528},{"Analytics":384},{"Hierarchy":832},{"Gui":267832},{"EditorUtility":138405},{"VersionControl":4},{"Undo":979},{"AssetDatabase":5017312},{"EditorGi":328},{"UnityConnect":25376},{"Upm":1820},{"DrivenProperties":72},{"LocalIPC":196},{"ProfilerEditor":9738},{"CoreBusinessMetrics":14437},{"TLS":27596},{"Licensing":3512},{"AssetReference":32},{"IPCStream":32}]}
